<?xml version="1.0" encoding="UTF-8"?>
<testsuite xmlns:xsi="http://www.w3.org/2001/XMLSchema-instance" xsi:noNamespaceSchemaLocation="https://maven.apache.org/surefire/maven-surefire-plugin/xsd/surefire-test-report-3.0.xsd" version="3.0" name="com.example.RunCucumberTest" time="0.325" tests="6" errors="0" skipped="0" failures="0">
  <properties>
    <property name="java.specification.version" value="22"/>
    <property name="sun.cpu.isalist" value="amd64"/>
    <property name="sun.jnu.encoding" value="Cp1252"/>
    <property name="java.class.path" value="C:\Users\m2553\Desktop\Repo\01-AI-100x-SE-Join-Quest\orderDiscoutModule\target\test-classes;C:\Users\m2553\Desktop\Repo\01-AI-100x-SE-Join-Quest\orderDiscoutModule\target\classes;C:\Users\m2553\.m2\repository\io\cucumber\cucumber-java\7.14.0\cucumber-java-7.14.0.jar;C:\Users\m2553\.m2\repository\io\cucumber\cucumber-core\7.14.0\cucumber-core-7.14.0.jar;C:\Users\m2553\.m2\repository\io\cucumber\cucumber-gherkin\7.14.0\cucumber-gherkin-7.14.0.jar;C:\Users\m2553\.m2\repository\io\cucumber\cucumber-gherkin-messages\7.14.0\cucumber-gherkin-messages-7.14.0.jar;C:\Users\m2553\.m2\repository\io\cucumber\gherkin\26.2.0\gherkin-26.2.0.jar;C:\Users\m2553\.m2\repository\io\cucumber\messages\22.0.0\messages-22.0.0.jar;C:\Users\m2553\.m2\repository\io\cucumber\tag-expressions\5.0.6\tag-expressions-5.0.6.jar;C:\Users\m2553\.m2\repository\io\cucumber\cucumber-expressions\16.1.2\cucumber-expressions-16.1.2.jar;C:\Users\m2553\.m2\repository\io\cucumber\datatable\7.14.0\datatable-7.14.0.jar;C:\Users\m2553\.m2\repository\io\cucumber\cucumber-plugin\7.14.0\cucumber-plugin-7.14.0.jar;C:\Users\m2553\.m2\repository\io\cucumber\docstring\7.14.0\docstring-7.14.0.jar;C:\Users\m2553\.m2\repository\io\cucumber\html-formatter\20.4.0\html-formatter-20.4.0.jar;C:\Users\m2553\.m2\repository\io\cucumber\junit-xml-formatter\0.2.0\junit-xml-formatter-0.2.0.jar;C:\Users\m2553\.m2\repository\io\cucumber\ci-environment\9.2.0\ci-environment-9.2.0.jar;C:\Users\m2553\.m2\repository\org\apiguardian\apiguardian-api\1.1.2\apiguardian-api-1.1.2.jar;C:\Users\m2553\.m2\repository\io\cucumber\cucumber-junit-platform-engine\7.14.0\cucumber-junit-platform-engine-7.14.0.jar;C:\Users\m2553\.m2\repository\org\junit\platform\junit-platform-engine\1.10.0\junit-platform-engine-1.10.0.jar;C:\Users\m2553\.m2\repository\org\junit\platform\junit-platform-suite\1.10.0\junit-platform-suite-1.10.0.jar;C:\Users\m2553\.m2\repository\org\junit\platform\junit-platform-suite-api\1.10.0\junit-platform-suite-api-1.10.0.jar;C:\Users\m2553\.m2\repository\org\junit\platform\junit-platform-suite-engine\1.10.0\junit-platform-suite-engine-1.10.0.jar;C:\Users\m2553\.m2\repository\org\junit\platform\junit-platform-suite-commons\1.10.0\junit-platform-suite-commons-1.10.0.jar;C:\Users\m2553\.m2\repository\org\junit\platform\junit-platform-launcher\1.10.0\junit-platform-launcher-1.10.0.jar;C:\Users\m2553\.m2\repository\org\junit\jupiter\junit-jupiter-api\5.10.0\junit-jupiter-api-5.10.0.jar;C:\Users\m2553\.m2\repository\org\opentest4j\opentest4j\1.3.0\opentest4j-1.3.0.jar;C:\Users\m2553\.m2\repository\org\junit\platform\junit-platform-commons\1.10.0\junit-platform-commons-1.10.0.jar;"/>
    <property name="java.vm.vendor" value="Oracle Corporation"/>
    <property name="sun.arch.data.model" value="64"/>
    <property name="user.variant" value=""/>
    <property name="java.vendor.url" value="https://java.oracle.com/"/>
    <property name="user.timezone" value="Asia/Taipei"/>
    <property name="os.name" value="Windows 11"/>
    <property name="java.vm.specification.version" value="22"/>
    <property name="sun.java.launcher" value="SUN_STANDARD"/>
    <property name="user.country" value="TW"/>
    <property name="sun.boot.library.path" value="C:\Program Files\OpenJDK\jdk-22.0.2\bin"/>
    <property name="sun.java.command" value="C:\Users\m2553\AppData\Local\Temp\surefire18321716758299078936\surefirebooter-20250713141846502_3.jar C:\Users\m2553\AppData\Local\Temp\surefire18321716758299078936 2025-07-13T14-18-46_275-jvmRun1 surefire-20250713141846502_1tmp surefire_0-20250713141846502_2tmp"/>
    <property name="jdk.debug" value="release"/>
    <property name="surefire.test.class.path" value="C:\Users\m2553\Desktop\Repo\01-AI-100x-SE-Join-Quest\orderDiscoutModule\target\test-classes;C:\Users\m2553\Desktop\Repo\01-AI-100x-SE-Join-Quest\orderDiscoutModule\target\classes;C:\Users\m2553\.m2\repository\io\cucumber\cucumber-java\7.14.0\cucumber-java-7.14.0.jar;C:\Users\m2553\.m2\repository\io\cucumber\cucumber-core\7.14.0\cucumber-core-7.14.0.jar;C:\Users\m2553\.m2\repository\io\cucumber\cucumber-gherkin\7.14.0\cucumber-gherkin-7.14.0.jar;C:\Users\m2553\.m2\repository\io\cucumber\cucumber-gherkin-messages\7.14.0\cucumber-gherkin-messages-7.14.0.jar;C:\Users\m2553\.m2\repository\io\cucumber\gherkin\26.2.0\gherkin-26.2.0.jar;C:\Users\m2553\.m2\repository\io\cucumber\messages\22.0.0\messages-22.0.0.jar;C:\Users\m2553\.m2\repository\io\cucumber\tag-expressions\5.0.6\tag-expressions-5.0.6.jar;C:\Users\m2553\.m2\repository\io\cucumber\cucumber-expressions\16.1.2\cucumber-expressions-16.1.2.jar;C:\Users\m2553\.m2\repository\io\cucumber\datatable\7.14.0\datatable-7.14.0.jar;C:\Users\m2553\.m2\repository\io\cucumber\cucumber-plugin\7.14.0\cucumber-plugin-7.14.0.jar;C:\Users\m2553\.m2\repository\io\cucumber\docstring\7.14.0\docstring-7.14.0.jar;C:\Users\m2553\.m2\repository\io\cucumber\html-formatter\20.4.0\html-formatter-20.4.0.jar;C:\Users\m2553\.m2\repository\io\cucumber\junit-xml-formatter\0.2.0\junit-xml-formatter-0.2.0.jar;C:\Users\m2553\.m2\repository\io\cucumber\ci-environment\9.2.0\ci-environment-9.2.0.jar;C:\Users\m2553\.m2\repository\org\apiguardian\apiguardian-api\1.1.2\apiguardian-api-1.1.2.jar;C:\Users\m2553\.m2\repository\io\cucumber\cucumber-junit-platform-engine\7.14.0\cucumber-junit-platform-engine-7.14.0.jar;C:\Users\m2553\.m2\repository\org\junit\platform\junit-platform-engine\1.10.0\junit-platform-engine-1.10.0.jar;C:\Users\m2553\.m2\repository\org\junit\platform\junit-platform-suite\1.10.0\junit-platform-suite-1.10.0.jar;C:\Users\m2553\.m2\repository\org\junit\platform\junit-platform-suite-api\1.10.0\junit-platform-suite-api-1.10.0.jar;C:\Users\m2553\.m2\repository\org\junit\platform\junit-platform-suite-engine\1.10.0\junit-platform-suite-engine-1.10.0.jar;C:\Users\m2553\.m2\repository\org\junit\platform\junit-platform-suite-commons\1.10.0\junit-platform-suite-commons-1.10.0.jar;C:\Users\m2553\.m2\repository\org\junit\platform\junit-platform-launcher\1.10.0\junit-platform-launcher-1.10.0.jar;C:\Users\m2553\.m2\repository\org\junit\jupiter\junit-jupiter-api\5.10.0\junit-jupiter-api-5.10.0.jar;C:\Users\m2553\.m2\repository\org\opentest4j\opentest4j\1.3.0\opentest4j-1.3.0.jar;C:\Users\m2553\.m2\repository\org\junit\platform\junit-platform-commons\1.10.0\junit-platform-commons-1.10.0.jar;"/>
    <property name="sun.cpu.endian" value="little"/>
    <property name="user.home" value="C:\Users\m2553"/>
    <property name="user.language" value="zh"/>
    <property name="java.specification.vendor" value="Oracle Corporation"/>
    <property name="java.version.date" value="2024-07-16"/>
    <property name="java.home" value="C:\Program Files\OpenJDK\jdk-22.0.2"/>
    <property name="file.separator" value="\"/>
    <property name="basedir" value="C:\Users\m2553\Desktop\Repo\01-AI-100x-SE-Join-Quest\orderDiscoutModule"/>
    <property name="java.vm.compressedOopsMode" value="Zero based"/>
    <property name="line.separator" value="&#10;"/>
    <property name="java.vm.specification.vendor" value="Oracle Corporation"/>
    <property name="java.specification.name" value="Java Platform API Specification"/>
    <property name="surefire.real.class.path" value="C:\Users\m2553\AppData\Local\Temp\surefire18321716758299078936\surefirebooter-20250713141846502_3.jar"/>
    <property name="user.script" value=""/>
    <property name="sun.management.compiler" value="HotSpot 64-Bit Tiered Compilers"/>
    <property name="java.runtime.version" value="22.0.2+9-70"/>
    <property name="user.name" value="m2553"/>
    <property name="stdout.encoding" value="Cp1252"/>
    <property name="path.separator" value=";"/>
    <property name="os.version" value="10.0"/>
    <property name="java.runtime.name" value="OpenJDK Runtime Environment"/>
    <property name="file.encoding" value="UTF-8"/>
    <property name="java.vm.name" value="OpenJDK 64-Bit Server VM"/>
    <property name="localRepository" value="C:\Users\m2553\.m2\repository"/>
    <property name="java.vendor.url.bug" value="https://bugreport.java.com/bugreport/"/>
    <property name="java.io.tmpdir" value="C:\Users\m2553\AppData\Local\Temp\"/>
    <property name="java.version" value="22.0.2"/>
    <property name="user.dir" value="C:\Users\m2553\Desktop\Repo\01-AI-100x-SE-Join-Quest\orderDiscoutModule"/>
    <property name="os.arch" value="amd64"/>
    <property name="java.vm.specification.name" value="Java Virtual Machine Specification"/>
    <property name="sun.os.patch.level" value=""/>
    <property name="native.encoding" value="Cp1252"/>
    <property name="java.library.path" value="C:\Program Files\OpenJDK\jdk-22.0.2\bin;C:\WINDOWS\Sun\Java\bin;C:\WINDOWS\system32;C:\WINDOWS;C:\Python313\Scripts\;C:\Python313\;C:\WINDOWS\system32;C:\WINDOWS;C:\WINDOWS\System32\Wbem;C:\WINDOWS\System32\WindowsPowerShell\v1.0\;C:\WINDOWS\System32\OpenSSH\;C:\Program Files\dotnet\;C:\ProgramData\chocolatey\bin;C:\Program Files\Microsoft VS Code\bin;C:\Program Files\Git\cmd;C:\Program Files\nodejs\;C:\Users\m2553\DevTools;;C:\Program Files\OpenJDK\jdk-22.0.2\bin;C:\ProgramData\chocolatey\lib\maven\apache-maven-3.9.10\bin;C:\Users\m2553\AppData\Local\Microsoft\WindowsApps;C:\Users\m2553\AppData\Roaming\npm;."/>
    <property name="java.vm.info" value="mixed mode, sharing"/>
    <property name="stderr.encoding" value="Cp1252"/>
    <property name="java.vendor" value="Oracle Corporation"/>
    <property name="java.vm.version" value="22.0.2+9-70"/>
    <property name="sun.io.unicode.encoding" value="UnicodeLittle"/>
    <property name="java.class.version" value="66.0"/>
  </properties>
  <testcase name="Single product without promotions" classname="E-commerce Order Pricing Promotions" time="0.114">
    <system-out><![CDATA[
@order_pricing
Scenario: Single product without promotions &amp#27;[90m# features/order.feature:7&amp#27;[0m
  &amp#27;[32mGiven &amp#27;[0m&amp#27;[32mno promotions are applied&amp#27;[0m           &amp#27;[90m# com.example.steps.OrderSteps.no_promotions_are_applied()&amp#27;[0m
  &amp#27;[32mWhen &amp#27;[0m&amp#27;[32ma customer places an order with:&amp#27;[0m     &amp#27;[90m# com.example.steps.OrderSteps.a_customer_places_an_order_with(io.cucumber.datatable.DataTable)&amp#27;[0m
    | productName | quantity | unitPrice |
    | T-shirt     | 1        | 500       |
  &amp#27;[32mThen &amp#27;[0m&amp#27;[32mthe order summary should be:&amp#27;[0m         &amp#27;[90m# com.example.steps.OrderSteps.the_order_summary_should_be(io.cucumber.datatable.DataTable)&amp#27;[0m
    | totalAmount |
    | 500         |
  &amp#27;[32mAnd &amp#27;[0m&amp#27;[32mthe customer should receive:&amp#27;[0m          &amp#27;[90m# com.example.steps.OrderSteps.the_customer_should_receive(io.cucumber.datatable.DataTable)&amp#27;[0m
    | productName | quantity |
    | T-shirt     | 1        |
]]></system-out>
  </testcase>
  <testcase name="Threshold discount applies when subtotal reaches 1000" classname="E-commerce Order Pricing Promotions" time="0.017">
    <system-out><![CDATA[
@order_pricing
Scenario: Threshold discount applies when subtotal reaches 1000 &amp#27;[90m# features/order.feature:19&amp#27;[0m
  &amp#27;[32mGiven &amp#27;[0m&amp#27;[32mthe threshold discount promotion is configured:&amp#27;[0m         &amp#27;[90m# com.example.steps.OrderSteps.the_threshold_discount_promotion_is_configured(io.cucumber.datatable.DataTable)&amp#27;[0m
    | threshold | discount |
    | 1000      | 100      |
  &amp#27;[32mWhen &amp#27;[0m&amp#27;[32ma customer places an order with:&amp#27;[0m                         &amp#27;[90m# com.example.steps.OrderSteps.a_customer_places_an_order_with(io.cucumber.datatable.DataTable)&amp#27;[0m
    | productName | quantity | unitPrice |
    | T-shirt     | 2        | 500       |
    | 褲子          | 1        | 600       |
  &amp#27;[32mThen &amp#27;[0m&amp#27;[32mthe order summary should be:&amp#27;[0m                             &amp#27;[90m# com.example.steps.OrderSteps.the_order_summary_should_be(io.cucumber.datatable.DataTable)&amp#27;[0m
    | originalAmount | discount | totalAmount |
    | 1600           | 100      | 1500        |
  &amp#27;[32mAnd &amp#27;[0m&amp#27;[32mthe customer should receive:&amp#27;[0m                              &amp#27;[90m# com.example.steps.OrderSteps.the_customer_should_receive(io.cucumber.datatable.DataTable)&amp#27;[0m
    | productName | quantity |
    | T-shirt     | 2        |
    | 褲子          | 1        |
]]></system-out>
  </testcase>
  <testcase name="Buy-one-get-one for cosmetics - multiple products" classname="E-commerce Order Pricing Promotions" time="0.011">
    <system-out><![CDATA[
@order_pricing
Scenario: Buy-one-get-one for cosmetics - multiple products   &amp#27;[90m# features/order.feature:35&amp#27;[0m
  &amp#27;[32mGiven &amp#27;[0m&amp#27;[32mthe buy one get one promotion for cosmetics is active&amp#27;[0m &amp#27;[90m# com.example.steps.OrderSteps.the_buy_one_get_one_promotion_for_cosmetics_is_active()&amp#27;[0m
  &amp#27;[32mWhen &amp#27;[0m&amp#27;[32ma customer places an order with:&amp#27;[0m                       &amp#27;[90m# com.example.steps.OrderSteps.a_customer_places_an_order_with(io.cucumber.datatable.DataTable)&amp#27;[0m
    | productName | category  | quantity | unitPrice |
    | 口紅          | cosmetics | 1        | 300       |
    | 粉底液         | cosmetics | 1        | 400       |
  &amp#27;[32mThen &amp#27;[0m&amp#27;[32mthe order summary should be:&amp#27;[0m                           &amp#27;[90m# com.example.steps.OrderSteps.the_order_summary_should_be(io.cucumber.datatable.DataTable)&amp#27;[0m
    | totalAmount |
    | 700         |
  &amp#27;[32mAnd &amp#27;[0m&amp#27;[32mthe customer should receive:&amp#27;[0m                            &amp#27;[90m# com.example.steps.OrderSteps.the_customer_should_receive(io.cucumber.datatable.DataTable)&amp#27;[0m
    | productName | quantity |
    | 口紅          | 2        |
    | 粉底液         | 2        |
]]></system-out>
  </testcase>
  <testcase name="Buy-one-get-one for cosmetics - same product twice" classname="E-commerce Order Pricing Promotions" time="0.008">
    <system-out><![CDATA[
@order_pricing
Scenario: Buy-one-get-one for cosmetics - same product twice  &amp#27;[90m# features/order.feature:49&amp#27;[0m
  &amp#27;[32mGiven &amp#27;[0m&amp#27;[32mthe buy one get one promotion for cosmetics is active&amp#27;[0m &amp#27;[90m# com.example.steps.OrderSteps.the_buy_one_get_one_promotion_for_cosmetics_is_active()&amp#27;[0m
  &amp#27;[32mWhen &amp#27;[0m&amp#27;[32ma customer places an order with:&amp#27;[0m                       &amp#27;[90m# com.example.steps.OrderSteps.a_customer_places_an_order_with(io.cucumber.datatable.DataTable)&amp#27;[0m
    | productName | category  | quantity | unitPrice |
    | 口紅          | cosmetics | 2        | 300       |
  &amp#27;[32mThen &amp#27;[0m&amp#27;[32mthe order summary should be:&amp#27;[0m                           &amp#27;[90m# com.example.steps.OrderSteps.the_order_summary_should_be(io.cucumber.datatable.DataTable)&amp#27;[0m
    | totalAmount |
    | 600         |
  &amp#27;[32mAnd &amp#27;[0m&amp#27;[32mthe customer should receive:&amp#27;[0m                            &amp#27;[90m# com.example.steps.OrderSteps.the_customer_should_receive(io.cucumber.datatable.DataTable)&amp#27;[0m
    | productName | quantity |
    | 口紅          | 3        |
]]></system-out>
  </testcase>
  <testcase name="Buy-one-get-one for cosmetics - mixed categories" classname="E-commerce Order Pricing Promotions" time="0.012">
    <system-out><![CDATA[
@order_pricing
Scenario: Buy-one-get-one for cosmetics - mixed categories    &amp#27;[90m# features/order.feature:61&amp#27;[0m
  &amp#27;[32mGiven &amp#27;[0m&amp#27;[32mthe buy one get one promotion for cosmetics is active&amp#27;[0m &amp#27;[90m# com.example.steps.OrderSteps.the_buy_one_get_one_promotion_for_cosmetics_is_active()&amp#27;[0m
  &amp#27;[32mWhen &amp#27;[0m&amp#27;[32ma customer places an order with:&amp#27;[0m                       &amp#27;[90m# com.example.steps.OrderSteps.a_customer_places_an_order_with(io.cucumber.datatable.DataTable)&amp#27;[0m
    | productName | category  | quantity | unitPrice |
    | 襪子          | apparel   | 1        | 100       |
    | 口紅          | cosmetics | 1        | 300       |
  &amp#27;[32mThen &amp#27;[0m&amp#27;[32mthe order summary should be:&amp#27;[0m                           &amp#27;[90m# com.example.steps.OrderSteps.the_order_summary_should_be(io.cucumber.datatable.DataTable)&amp#27;[0m
    | totalAmount |
    | 400         |
  &amp#27;[32mAnd &amp#27;[0m&amp#27;[32mthe customer should receive:&amp#27;[0m                            &amp#27;[90m# com.example.steps.OrderSteps.the_customer_should_receive(io.cucumber.datatable.DataTable)&amp#27;[0m
    | productName | quantity |
    | 襪子          | 1        |
    | 口紅          | 2        |
]]></system-out>
  </testcase>
  <testcase name="Multiple promotions stacked" classname="E-commerce Order Pricing Promotions" time="0.01">
    <system-out><![CDATA[
@order_pricing
Scenario: Multiple promotions stacked                       &amp#27;[90m# features/order.feature:75&amp#27;[0m
  &amp#27;[32mGiven &amp#27;[0m&amp#27;[32mthe threshold discount promotion is configured:&amp#27;[0m     &amp#27;[90m# com.example.steps.OrderSteps.the_threshold_discount_promotion_is_configured(io.cucumber.datatable.DataTable)&amp#27;[0m
    | threshold | discount |
    | 1000      | 100      |
  &amp#27;[32mAnd &amp#27;[0m&amp#27;[32mthe buy one get one promotion for cosmetics is active&amp#27;[0m &amp#27;[90m# com.example.steps.OrderSteps.the_buy_one_get_one_promotion_for_cosmetics_is_active()&amp#27;[0m
  &amp#27;[32mWhen &amp#27;[0m&amp#27;[32ma customer places an order with:&amp#27;[0m                     &amp#27;[90m# com.example.steps.OrderSteps.a_customer_places_an_order_with(io.cucumber.datatable.DataTable)&amp#27;[0m
    | productName | category  | quantity | unitPrice |
    | T-shirt     | apparel   | 3        | 500       |
    | 口紅          | cosmetics | 1        | 300       |
  &amp#27;[32mThen &amp#27;[0m&amp#27;[32mthe order summary should be:&amp#27;[0m                         &amp#27;[90m# com.example.steps.OrderSteps.the_order_summary_should_be(io.cucumber.datatable.DataTable)&amp#27;[0m
    | originalAmount | discount | totalAmount |
    | 1800           | 100      | 1700        |
  &amp#27;[32mAnd &amp#27;[0m&amp#27;[32mthe customer should receive:&amp#27;[0m                          &amp#27;[90m# com.example.steps.OrderSteps.the_customer_should_receive(io.cucumber.datatable.DataTable)&amp#27;[0m
    | productName | quantity |
    | T-shirt     | 3        |
    | 口紅          | 2        |
]]></system-out>
  </testcase>
</testsuite>