<?xml version="1.0" encoding="UTF-8"?>
<testsuite xmlns:xsi="http://www.w3.org/2001/XMLSchema-instance" xsi:noNamespaceSchemaLocation="https://maven.apache.org/surefire/maven-surefire-plugin/xsd/surefire-test-report-3.0.xsd" version="3.0" name="com.example.chinesechess.RunCucumberTest" time="0.314" tests="0" errors="0" skipped="0" failures="0">
  <properties>
    <property name="java.specification.version" value="22"/>
    <property name="sun.cpu.isalist" value="amd64"/>
    <property name="sun.jnu.encoding" value="Cp1252"/>
    <property name="java.class.path" value="C:\Users\m2553\Desktop\Repo\01-AI-100x-SE-Join-Quest\chineseChess\target\test-classes;C:\Users\m2553\Desktop\Repo\01-AI-100x-SE-Join-Quest\chineseChess\target\classes;C:\Users\m2553\.m2\repository\io\cucumber\cucumber-java\7.18.0\cucumber-java-7.18.0.jar;C:\Users\m2553\.m2\repository\io\cucumber\cucumber-core\7.18.0\cucumber-core-7.18.0.jar;C:\Users\m2553\.m2\repository\io\cucumber\cucumber-gherkin\7.18.0\cucumber-gherkin-7.18.0.jar;C:\Users\m2553\.m2\repository\io\cucumber\cucumber-gherkin-messages\7.18.0\cucumber-gherkin-messages-7.18.0.jar;C:\Users\m2553\.m2\repository\io\cucumber\gherkin\28.0.0\gherkin-28.0.0.jar;C:\Users\m2553\.m2\repository\io\cucumber\messages\24.1.0\messages-24.1.0.jar;C:\Users\m2553\.m2\repository\io\cucumber\testng-xml-formatter\0.1.0\testng-xml-formatter-0.1.0.jar;C:\Users\m2553\.m2\repository\io\cucumber\query\12.2.0\query-12.2.0.jar;C:\Users\m2553\.m2\repository\io\cucumber\tag-expressions\6.1.0\tag-expressions-6.1.0.jar;C:\Users\m2553\.m2\repository\io\cucumber\cucumber-expressions\17.1.0\cucumber-expressions-17.1.0.jar;C:\Users\m2553\.m2\repository\io\cucumber\datatable\7.18.0\datatable-7.18.0.jar;C:\Users\m2553\.m2\repository\io\cucumber\cucumber-plugin\7.18.0\cucumber-plugin-7.18.0.jar;C:\Users\m2553\.m2\repository\io\cucumber\docstring\7.18.0\docstring-7.18.0.jar;C:\Users\m2553\.m2\repository\io\cucumber\html-formatter\21.3.1\html-formatter-21.3.1.jar;C:\Users\m2553\.m2\repository\io\cucumber\junit-xml-formatter\0.4.0\junit-xml-formatter-0.4.0.jar;C:\Users\m2553\.m2\repository\io\cucumber\ci-environment\10.0.1\ci-environment-10.0.1.jar;C:\Users\m2553\.m2\repository\org\apiguardian\apiguardian-api\1.1.2\apiguardian-api-1.1.2.jar;C:\Users\m2553\.m2\repository\io\cucumber\cucumber-junit-platform-engine\7.18.0\cucumber-junit-platform-engine-7.18.0.jar;C:\Users\m2553\.m2\repository\org\junit\platform\junit-platform-engine\1.10.2\junit-platform-engine-1.10.2.jar;C:\Users\m2553\.m2\repository\org\junit\jupiter\junit-jupiter-api\5.10.0\junit-jupiter-api-5.10.0.jar;C:\Users\m2553\.m2\repository\org\opentest4j\opentest4j\1.3.0\opentest4j-1.3.0.jar;C:\Users\m2553\.m2\repository\org\junit\platform\junit-platform-commons\1.10.0\junit-platform-commons-1.10.0.jar;C:\Users\m2553\.m2\repository\org\junit\jupiter\junit-jupiter-engine\5.10.0\junit-jupiter-engine-5.10.0.jar;C:\Users\m2553\.m2\repository\org\junit\platform\junit-platform-suite\1.10.0\junit-platform-suite-1.10.0.jar;C:\Users\m2553\.m2\repository\org\junit\platform\junit-platform-suite-api\1.10.0\junit-platform-suite-api-1.10.0.jar;C:\Users\m2553\.m2\repository\org\junit\platform\junit-platform-suite-engine\1.10.0\junit-platform-suite-engine-1.10.0.jar;C:\Users\m2553\.m2\repository\org\junit\platform\junit-platform-suite-commons\1.10.0\junit-platform-suite-commons-1.10.0.jar;C:\Users\m2553\.m2\repository\org\junit\platform\junit-platform-launcher\1.10.0\junit-platform-launcher-1.10.0.jar;"/>
    <property name="java.vm.vendor" value="Oracle Corporation"/>
    <property name="sun.arch.data.model" value="64"/>
    <property name="user.variant" value=""/>
    <property name="java.vendor.url" value="https://java.oracle.com/"/>
    <property name="user.timezone" value="Asia/Taipei"/>
    <property name="os.name" value="Windows 11"/>
    <property name="java.vm.specification.version" value="22"/>
    <property name="sun.java.launcher" value="SUN_STANDARD"/>
    <property name="user.country" value="TW"/>
    <property name="sun.boot.library.path" value="C:\Program Files\OpenJDK\jdk-22.0.2\bin"/>
    <property name="sun.java.command" value="C:\Users\m2553\AppData\Local\Temp\surefire18255099751140085557\surefirebooter-20250715010306096_3.jar C:\Users\m2553\AppData\Local\Temp\surefire18255099751140085557 2025-07-15T01-03-05_933-jvmRun1 surefire-20250715010306096_1tmp surefire_0-20250715010306096_2tmp"/>
    <property name="jdk.debug" value="release"/>
    <property name="surefire.test.class.path" value="C:\Users\m2553\Desktop\Repo\01-AI-100x-SE-Join-Quest\chineseChess\target\test-classes;C:\Users\m2553\Desktop\Repo\01-AI-100x-SE-Join-Quest\chineseChess\target\classes;C:\Users\m2553\.m2\repository\io\cucumber\cucumber-java\7.18.0\cucumber-java-7.18.0.jar;C:\Users\m2553\.m2\repository\io\cucumber\cucumber-core\7.18.0\cucumber-core-7.18.0.jar;C:\Users\m2553\.m2\repository\io\cucumber\cucumber-gherkin\7.18.0\cucumber-gherkin-7.18.0.jar;C:\Users\m2553\.m2\repository\io\cucumber\cucumber-gherkin-messages\7.18.0\cucumber-gherkin-messages-7.18.0.jar;C:\Users\m2553\.m2\repository\io\cucumber\gherkin\28.0.0\gherkin-28.0.0.jar;C:\Users\m2553\.m2\repository\io\cucumber\messages\24.1.0\messages-24.1.0.jar;C:\Users\m2553\.m2\repository\io\cucumber\testng-xml-formatter\0.1.0\testng-xml-formatter-0.1.0.jar;C:\Users\m2553\.m2\repository\io\cucumber\query\12.2.0\query-12.2.0.jar;C:\Users\m2553\.m2\repository\io\cucumber\tag-expressions\6.1.0\tag-expressions-6.1.0.jar;C:\Users\m2553\.m2\repository\io\cucumber\cucumber-expressions\17.1.0\cucumber-expressions-17.1.0.jar;C:\Users\m2553\.m2\repository\io\cucumber\datatable\7.18.0\datatable-7.18.0.jar;C:\Users\m2553\.m2\repository\io\cucumber\cucumber-plugin\7.18.0\cucumber-plugin-7.18.0.jar;C:\Users\m2553\.m2\repository\io\cucumber\docstring\7.18.0\docstring-7.18.0.jar;C:\Users\m2553\.m2\repository\io\cucumber\html-formatter\21.3.1\html-formatter-21.3.1.jar;C:\Users\m2553\.m2\repository\io\cucumber\junit-xml-formatter\0.4.0\junit-xml-formatter-0.4.0.jar;C:\Users\m2553\.m2\repository\io\cucumber\ci-environment\10.0.1\ci-environment-10.0.1.jar;C:\Users\m2553\.m2\repository\org\apiguardian\apiguardian-api\1.1.2\apiguardian-api-1.1.2.jar;C:\Users\m2553\.m2\repository\io\cucumber\cucumber-junit-platform-engine\7.18.0\cucumber-junit-platform-engine-7.18.0.jar;C:\Users\m2553\.m2\repository\org\junit\platform\junit-platform-engine\1.10.2\junit-platform-engine-1.10.2.jar;C:\Users\m2553\.m2\repository\org\junit\jupiter\junit-jupiter-api\5.10.0\junit-jupiter-api-5.10.0.jar;C:\Users\m2553\.m2\repository\org\opentest4j\opentest4j\1.3.0\opentest4j-1.3.0.jar;C:\Users\m2553\.m2\repository\org\junit\platform\junit-platform-commons\1.10.0\junit-platform-commons-1.10.0.jar;C:\Users\m2553\.m2\repository\org\junit\jupiter\junit-jupiter-engine\5.10.0\junit-jupiter-engine-5.10.0.jar;C:\Users\m2553\.m2\repository\org\junit\platform\junit-platform-suite\1.10.0\junit-platform-suite-1.10.0.jar;C:\Users\m2553\.m2\repository\org\junit\platform\junit-platform-suite-api\1.10.0\junit-platform-suite-api-1.10.0.jar;C:\Users\m2553\.m2\repository\org\junit\platform\junit-platform-suite-engine\1.10.0\junit-platform-suite-engine-1.10.0.jar;C:\Users\m2553\.m2\repository\org\junit\platform\junit-platform-suite-commons\1.10.0\junit-platform-suite-commons-1.10.0.jar;C:\Users\m2553\.m2\repository\org\junit\platform\junit-platform-launcher\1.10.0\junit-platform-launcher-1.10.0.jar;"/>
    <property name="sun.cpu.endian" value="little"/>
    <property name="user.home" value="C:\Users\m2553"/>
    <property name="user.language" value="zh"/>
    <property name="java.specification.vendor" value="Oracle Corporation"/>
    <property name="java.version.date" value="2024-07-16"/>
    <property name="java.home" value="C:\Program Files\OpenJDK\jdk-22.0.2"/>
    <property name="file.separator" value="\"/>
    <property name="basedir" value="C:\Users\m2553\Desktop\Repo\01-AI-100x-SE-Join-Quest\chineseChess"/>
    <property name="java.vm.compressedOopsMode" value="Zero based"/>
    <property name="line.separator" value="&#10;"/>
    <property name="java.vm.specification.vendor" value="Oracle Corporation"/>
    <property name="java.specification.name" value="Java Platform API Specification"/>
    <property name="surefire.real.class.path" value="C:\Users\m2553\AppData\Local\Temp\surefire18255099751140085557\surefirebooter-20250715010306096_3.jar"/>
    <property name="user.script" value=""/>
    <property name="sun.management.compiler" value="HotSpot 64-Bit Tiered Compilers"/>
    <property name="java.runtime.version" value="22.0.2+9-70"/>
    <property name="user.name" value="m2553"/>
    <property name="stdout.encoding" value="Cp1252"/>
    <property name="path.separator" value=";"/>
    <property name="os.version" value="10.0"/>
    <property name="java.runtime.name" value="OpenJDK Runtime Environment"/>
    <property name="file.encoding" value="UTF-8"/>
    <property name="java.vm.name" value="OpenJDK 64-Bit Server VM"/>
    <property name="localRepository" value="C:\Users\m2553\.m2\repository"/>
    <property name="java.vendor.url.bug" value="https://bugreport.java.com/bugreport/"/>
    <property name="java.io.tmpdir" value="C:\Users\m2553\AppData\Local\Temp\"/>
    <property name="java.version" value="22.0.2"/>
    <property name="user.dir" value="C:\Users\m2553\Desktop\Repo\01-AI-100x-SE-Join-Quest\chineseChess"/>
    <property name="os.arch" value="amd64"/>
    <property name="java.vm.specification.name" value="Java Virtual Machine Specification"/>
    <property name="sun.os.patch.level" value=""/>
    <property name="native.encoding" value="Cp1252"/>
    <property name="java.library.path" value="C:\Program Files\OpenJDK\jdk-22.0.2\bin;C:\WINDOWS\Sun\Java\bin;C:\WINDOWS\system32;C:\WINDOWS;C:\Python313\Scripts\;C:\Python313\;C:\WINDOWS\system32;C:\WINDOWS;C:\WINDOWS\System32\Wbem;C:\WINDOWS\System32\WindowsPowerShell\v1.0\;C:\WINDOWS\System32\OpenSSH\;C:\Program Files\dotnet\;C:\ProgramData\chocolatey\bin;C:\Program Files\Microsoft VS Code\bin;C:\Program Files\Git\cmd;C:\Program Files\nodejs\;C:\Users\m2553\DevTools;;C:\Program Files\OpenJDK\jdk-22.0.2\bin;C:\ProgramData\chocolatey\lib\maven\apache-maven-3.9.10\bin;C:\Users\m2553\AppData\Local\Microsoft\WindowsApps;C:\Users\m2553\AppData\Roaming\npm;."/>
    <property name="java.vm.info" value="mixed mode, sharing"/>
    <property name="stderr.encoding" value="Cp1252"/>
    <property name="java.vendor" value="Oracle Corporation"/>
    <property name="java.vm.version" value="22.0.2+9-70"/>
    <property name="sun.io.unicode.encoding" value="UnicodeLittle"/>
    <property name="java.class.version" value="66.0"/>
  </properties>
</testsuite>